<?xml version="1.0" encoding="UTF-8"?>
<testsuite xmlns:xsi="http://www.w3.org/2001/XMLSchema-instance" xsi:noNamespaceSchemaLocation="https://maven.apache.org/surefire/maven-surefire-plugin/xsd/surefire-test-report-3.0.xsd" version="3.0" name="hackathon.nttdata.coderpath.configserver.ConfigserverApplicationTests" time="18.948" tests="1" errors="0" skipped="0" failures="0">
  <properties>
    <property name="java.specification.version" value="17"/>
    <property name="sun.cpu.isalist" value="amd64"/>
    <property name="sun.jnu.encoding" value="Cp1252"/>
    <property name="java.class.path" value="D:\huawei\backend\configserver\configserver\target\test-classes;D:\huawei\backend\configserver\configserver\target\classes;C:\Users\aluca\.m2\repository\org\springframework\cloud\spring-cloud-starter-config\4.0.4\spring-cloud-starter-config-4.0.4.jar;C:\Users\aluca\.m2\repository\org\springframework\cloud\spring-cloud-starter\4.0.4\spring-cloud-starter-4.0.4.jar;C:\Users\aluca\.m2\repository\org\springframework\cloud\spring-cloud-context\4.0.4\spring-cloud-context-4.0.4.jar;C:\Users\aluca\.m2\repository\org\springframework\cloud\spring-cloud-commons\4.0.4\spring-cloud-commons-4.0.4.jar;C:\Users\aluca\.m2\repository\org\springframework\cloud\spring-cloud-config-client\4.0.4\spring-cloud-config-client-4.0.4.jar;C:\Users\aluca\.m2\repository\org\springframework\spring-web\6.0.11\spring-web-6.0.11.jar;C:\Users\aluca\.m2\repository\com\fasterxml\jackson\core\jackson-annotations\2.15.2\jackson-annotations-2.15.2.jar;C:\Users\aluca\.m2\repository\com\fasterxml\jackson\core\jackson-databind\2.15.2\jackson-databind-2.15.2.jar;C:\Users\aluca\.m2\repository\com\fasterxml\jackson\core\jackson-core\2.15.2\jackson-core-2.15.2.jar;C:\Users\aluca\.m2\repository\org\springframework\cloud\spring-cloud-config-server\4.0.4\spring-cloud-config-server-4.0.4.jar;C:\Users\aluca\.m2\repository\io\micrometer\micrometer-observation\1.11.3\micrometer-observation-1.11.3.jar;C:\Users\aluca\.m2\repository\io\micrometer\micrometer-commons\1.11.3\micrometer-commons-1.11.3.jar;C:\Users\aluca\.m2\repository\org\springframework\boot\spring-boot-starter-web\3.1.3\spring-boot-starter-web-3.1.3.jar;C:\Users\aluca\.m2\repository\org\springframework\boot\spring-boot-starter-json\3.1.3\spring-boot-starter-json-3.1.3.jar;C:\Users\aluca\.m2\repository\com\fasterxml\jackson\datatype\jackson-datatype-jdk8\2.15.2\jackson-datatype-jdk8-2.15.2.jar;C:\Users\aluca\.m2\repository\com\fasterxml\jackson\module\jackson-module-parameter-names\2.15.2\jackson-module-parameter-names-2.15.2.jar;C:\Users\aluca\.m2\repository\org\springframework\boot\spring-boot-starter-tomcat\3.1.3\spring-boot-starter-tomcat-3.1.3.jar;C:\Users\aluca\.m2\repository\org\apache\tomcat\embed\tomcat-embed-core\10.1.12\tomcat-embed-core-10.1.12.jar;C:\Users\aluca\.m2\repository\org\apache\tomcat\embed\tomcat-embed-websocket\10.1.12\tomcat-embed-websocket-10.1.12.jar;C:\Users\aluca\.m2\repository\org\springframework\spring-webmvc\6.0.11\spring-webmvc-6.0.11.jar;C:\Users\aluca\.m2\repository\org\springframework\spring-expression\6.0.11\spring-expression-6.0.11.jar;C:\Users\aluca\.m2\repository\org\springframework\security\spring-security-crypto\6.1.3\spring-security-crypto-6.1.3.jar;C:\Users\aluca\.m2\repository\org\springframework\security\spring-security-rsa\1.0.12.RELEASE\spring-security-rsa-1.0.12.RELEASE.jar;C:\Users\aluca\.m2\repository\org\bouncycastle\bcpkix-jdk18on\1.73\bcpkix-jdk18on-1.73.jar;C:\Users\aluca\.m2\repository\org\bouncycastle\bcprov-jdk18on\1.73\bcprov-jdk18on-1.73.jar;C:\Users\aluca\.m2\repository\org\bouncycastle\bcutil-jdk18on\1.73\bcutil-jdk18on-1.73.jar;C:\Users\aluca\.m2\repository\org\apache\httpcomponents\client5\httpclient5\5.2.1\httpclient5-5.2.1.jar;C:\Users\aluca\.m2\repository\org\apache\httpcomponents\core5\httpcore5\5.2.2\httpcore5-5.2.2.jar;C:\Users\aluca\.m2\repository\org\apache\httpcomponents\core5\httpcore5-h2\5.2.2\httpcore5-h2-5.2.2.jar;C:\Users\aluca\.m2\repository\org\slf4j\slf4j-api\2.0.7\slf4j-api-2.0.7.jar;C:\Users\aluca\.m2\repository\org\eclipse\jgit\org.eclipse.jgit\6.4.0.202211300538-r\org.eclipse.jgit-6.4.0.202211300538-r.jar;C:\Users\aluca\.m2\repository\com\googlecode\javaewah\JavaEWAH\1.1.13\JavaEWAH-1.1.13.jar;C:\Users\aluca\.m2\repository\org\eclipse\jgit\org.eclipse.jgit.http.apache\6.4.0.202211300538-r\org.eclipse.jgit.http.apache-6.4.0.202211300538-r.jar;C:\Users\aluca\.m2\repository\org\apache\httpcomponents\httpclient\4.5.13\httpclient-4.5.13.jar;C:\Users\aluca\.m2\repository\commons-logging\commons-logging\1.2\commons-logging-1.2.jar;C:\Users\aluca\.m2\repository\commons-codec\commons-codec\1.15\commons-codec-1.15.jar;C:\Users\aluca\.m2\repository\org\apache\httpcomponents\httpcore\4.4.16\httpcore-4.4.16.jar;C:\Users\aluca\.m2\repository\org\eclipse\jgit\org.eclipse.jgit.ssh.apache\6.4.0.202211300538-r\org.eclipse.jgit.ssh.apache-6.4.0.202211300538-r.jar;C:\Users\aluca\.m2\repository\org\apache\sshd\sshd-osgi\2.9.2\sshd-osgi-2.9.2.jar;C:\Users\aluca\.m2\repository\org\slf4j\jcl-over-slf4j\2.0.7\jcl-over-slf4j-2.0.7.jar;C:\Users\aluca\.m2\repository\org\apache\sshd\sshd-sftp\2.9.2\sshd-sftp-2.9.2.jar;C:\Users\aluca\.m2\repository\org\apache\sshd\sshd-core\2.9.2\sshd-core-2.9.2.jar;C:\Users\aluca\.m2\repository\org\apache\sshd\sshd-common\2.9.2\sshd-common-2.9.2.jar;C:\Users\aluca\.m2\repository\net\i2p\crypto\eddsa\0.3.0\eddsa-0.3.0.jar;C:\Users\aluca\.m2\repository\org\yaml\snakeyaml\1.33\snakeyaml-1.33.jar;C:\Users\aluca\.m2\repository\com\fasterxml\jackson\dataformat\jackson-dataformat-yaml\2.15.2\jackson-dataformat-yaml-2.15.2.jar;C:\Users\aluca\.m2\repository\org\springframework\boot\spring-boot-devtools\3.1.3\spring-boot-devtools-3.1.3.jar;C:\Users\aluca\.m2\repository\org\springframework\boot\spring-boot\3.1.3\spring-boot-3.1.3.jar;C:\Users\aluca\.m2\repository\org\springframework\spring-context\6.0.11\spring-context-6.0.11.jar;C:\Users\aluca\.m2\repository\org\springframework\boot\spring-boot-autoconfigure\3.1.3\spring-boot-autoconfigure-3.1.3.jar;C:\Users\aluca\.m2\repository\org\glassfish\jaxb\jaxb-runtime\4.0.3\jaxb-runtime-4.0.3.jar;C:\Users\aluca\.m2\repository\org\glassfish\jaxb\jaxb-core\4.0.3\jaxb-core-4.0.3.jar;C:\Users\aluca\.m2\repository\jakarta\activation\jakarta.activation-api\2.1.2\jakarta.activation-api-2.1.2.jar;C:\Users\aluca\.m2\repository\org\eclipse\angus\angus-activation\2.0.1\angus-activation-2.0.1.jar;C:\Users\aluca\.m2\repository\org\glassfish\jaxb\txw2\4.0.3\txw2-4.0.3.jar;C:\Users\aluca\.m2\repository\com\sun\istack\istack-commons-runtime\4.1.2\istack-commons-runtime-4.1.2.jar;C:\Users\aluca\.m2\repository\org\springframework\boot\spring-boot-starter-test\3.1.3\spring-boot-starter-test-3.1.3.jar;C:\Users\aluca\.m2\repository\org\springframework\boot\spring-boot-test\3.1.3\spring-boot-test-3.1.3.jar;C:\Users\aluca\.m2\repository\org\springframework\boot\spring-boot-test-autoconfigure\3.1.3\spring-boot-test-autoconfigure-3.1.3.jar;C:\Users\aluca\.m2\repository\com\jayway\jsonpath\json-path\2.8.0\json-path-2.8.0.jar;C:\Users\aluca\.m2\repository\jakarta\xml\bind\jakarta.xml.bind-api\4.0.0\jakarta.xml.bind-api-4.0.0.jar;C:\Users\aluca\.m2\repository\net\minidev\json-smart\2.4.11\json-smart-2.4.11.jar;C:\Users\aluca\.m2\repository\net\minidev\accessors-smart\2.4.11\accessors-smart-2.4.11.jar;C:\Users\aluca\.m2\repository\org\ow2\asm\asm\9.3\asm-9.3.jar;C:\Users\aluca\.m2\repository\org\assertj\assertj-core\3.24.2\assertj-core-3.24.2.jar;C:\Users\aluca\.m2\repository\net\bytebuddy\byte-buddy\1.14.6\byte-buddy-1.14.6.jar;C:\Users\aluca\.m2\repository\org\hamcrest\hamcrest\2.2\hamcrest-2.2.jar;C:\Users\aluca\.m2\repository\org\junit\jupiter\junit-jupiter\5.9.3\junit-jupiter-5.9.3.jar;C:\Users\aluca\.m2\repository\org\junit\jupiter\junit-jupiter-api\5.9.3\junit-jupiter-api-5.9.3.jar;C:\Users\aluca\.m2\repository\org\opentest4j\opentest4j\1.2.0\opentest4j-1.2.0.jar;C:\Users\aluca\.m2\repository\org\junit\platform\junit-platform-commons\1.9.3\junit-platform-commons-1.9.3.jar;C:\Users\aluca\.m2\repository\org\apiguardian\apiguardian-api\1.1.2\apiguardian-api-1.1.2.jar;C:\Users\aluca\.m2\repository\org\junit\jupiter\junit-jupiter-params\5.9.3\junit-jupiter-params-5.9.3.jar;C:\Users\aluca\.m2\repository\org\junit\jupiter\junit-jupiter-engine\5.9.3\junit-jupiter-engine-5.9.3.jar;C:\Users\aluca\.m2\repository\org\junit\platform\junit-platform-engine\1.9.3\junit-platform-engine-1.9.3.jar;C:\Users\aluca\.m2\repository\org\mockito\mockito-core\5.3.1\mockito-core-5.3.1.jar;C:\Users\aluca\.m2\repository\net\bytebuddy\byte-buddy-agent\1.14.6\byte-buddy-agent-1.14.6.jar;C:\Users\aluca\.m2\repository\org\objenesis\objenesis\3.3\objenesis-3.3.jar;C:\Users\aluca\.m2\repository\org\mockito\mockito-junit-jupiter\5.3.1\mockito-junit-jupiter-5.3.1.jar;C:\Users\aluca\.m2\repository\org\skyscreamer\jsonassert\1.5.1\jsonassert-1.5.1.jar;C:\Users\aluca\.m2\repository\com\vaadin\external\google\android-json\0.0.20131108.vaadin1\android-json-0.0.20131108.vaadin1.jar;C:\Users\aluca\.m2\repository\org\springframework\spring-core\6.0.11\spring-core-6.0.11.jar;C:\Users\aluca\.m2\repository\org\springframework\spring-jcl\6.0.11\spring-jcl-6.0.11.jar;C:\Users\aluca\.m2\repository\org\springframework\spring-test\6.0.11\spring-test-6.0.11.jar;C:\Users\aluca\.m2\repository\org\xmlunit\xmlunit-core\2.9.1\xmlunit-core-2.9.1.jar;C:\Users\aluca\.m2\repository\org\springframework\cloud\spring-cloud-starter-bootstrap\4.0.4\spring-cloud-starter-bootstrap-4.0.4.jar;C:\Users\aluca\.m2\repository\org\springframework\boot\spring-boot-starter-aop\3.1.3\spring-boot-starter-aop-3.1.3.jar;C:\Users\aluca\.m2\repository\org\springframework\spring-aop\6.0.11\spring-aop-6.0.11.jar;C:\Users\aluca\.m2\repository\org\springframework\spring-beans\6.0.11\spring-beans-6.0.11.jar;C:\Users\aluca\.m2\repository\org\aspectj\aspectjweaver\1.9.20\aspectjweaver-1.9.20.jar;C:\Users\aluca\.m2\repository\org\springframework\boot\spring-boot-starter\3.1.3\spring-boot-starter-3.1.3.jar;C:\Users\aluca\.m2\repository\org\springframework\boot\spring-boot-starter-logging\3.1.3\spring-boot-starter-logging-3.1.3.jar;C:\Users\aluca\.m2\repository\ch\qos\logback\logback-classic\1.4.11\logback-classic-1.4.11.jar;C:\Users\aluca\.m2\repository\ch\qos\logback\logback-core\1.4.11\logback-core-1.4.11.jar;C:\Users\aluca\.m2\repository\org\apache\logging\log4j\log4j-to-slf4j\2.20.0\log4j-to-slf4j-2.20.0.jar;C:\Users\aluca\.m2\repository\org\apache\logging\log4j\log4j-api\2.20.0\log4j-api-2.20.0.jar;C:\Users\aluca\.m2\repository\org\slf4j\jul-to-slf4j\2.0.7\jul-to-slf4j-2.0.7.jar;C:\Users\aluca\.m2\repository\jakarta\annotation\jakarta.annotation-api\2.1.1\jakarta.annotation-api-2.1.1.jar;C:\Users\aluca\.m2\repository\org\springframework\boot\spring-boot-starter-validation\3.1.3\spring-boot-starter-validation-3.1.3.jar;C:\Users\aluca\.m2\repository\org\apache\tomcat\embed\tomcat-embed-el\10.1.12\tomcat-embed-el-10.1.12.jar;C:\Users\aluca\.m2\repository\org\hibernate\validator\hibernate-validator\8.0.1.Final\hibernate-validator-8.0.1.Final.jar;C:\Users\aluca\.m2\repository\jakarta\validation\jakarta.validation-api\3.0.2\jakarta.validation-api-3.0.2.jar;C:\Users\aluca\.m2\repository\org\jboss\logging\jboss-logging\3.5.3.Final\jboss-logging-3.5.3.Final.jar;C:\Users\aluca\.m2\repository\com\fasterxml\classmate\1.5.1\classmate-1.5.1.jar;C:\Users\aluca\.m2\repository\org\springframework\boot\spring-boot-starter-actuator\3.1.3\spring-boot-starter-actuator-3.1.3.jar;C:\Users\aluca\.m2\repository\org\springframework\boot\spring-boot-actuator-autoconfigure\3.1.3\spring-boot-actuator-autoconfigure-3.1.3.jar;C:\Users\aluca\.m2\repository\org\springframework\boot\spring-boot-actuator\3.1.3\spring-boot-actuator-3.1.3.jar;C:\Users\aluca\.m2\repository\com\fasterxml\jackson\datatype\jackson-datatype-jsr310\2.15.2\jackson-datatype-jsr310-2.15.2.jar;C:\Users\aluca\.m2\repository\io\micrometer\micrometer-core\1.11.3\micrometer-core-1.11.3.jar;C:\Users\aluca\.m2\repository\org\hdrhistogram\HdrHistogram\2.1.12\HdrHistogram-2.1.12.jar;C:\Users\aluca\.m2\repository\org\latencyutils\LatencyUtils\2.0.3\LatencyUtils-2.0.3.jar;"/>
    <property name="java.vm.vendor" value="OpenLogic"/>
    <property name="sun.arch.data.model" value="64"/>
    <property name="user.variant" value=""/>
    <property name="java.vendor.url" value="https://openlogic.com/"/>
    <property name="user.timezone" value="America/Lima"/>
    <property name="org.jboss.logging.provider" value="slf4j"/>
    <property name="os.name" value="Windows 10"/>
    <property name="java.vm.specification.version" value="17"/>
    <property name="sun.java.launcher" value="SUN_STANDARD"/>
    <property name="user.country" value="PE"/>
    <property name="sun.boot.library.path" value="C:\Program Files\Java\openlogic-openjdk-17.0.8+7-windows-x64\bin"/>
    <property name="sun.java.command" value="C:\Users\aluca\AppData\Local\Temp\surefire15809800679948977302\surefirebooter-20240310224153760_3.jar C:\Users\aluca\AppData\Local\Temp\surefire15809800679948977302 2024-03-10T22-41-52_981-jvmRun1 surefire-20240310224153760_1tmp surefire_0-20240310224153760_2tmp"/>
    <property name="jdk.debug" value="release"/>
    <property name="surefire.test.class.path" value="D:\huawei\backend\configserver\configserver\target\test-classes;D:\huawei\backend\configserver\configserver\target\classes;C:\Users\aluca\.m2\repository\org\springframework\cloud\spring-cloud-starter-config\4.0.4\spring-cloud-starter-config-4.0.4.jar;C:\Users\aluca\.m2\repository\org\springframework\cloud\spring-cloud-starter\4.0.4\spring-cloud-starter-4.0.4.jar;C:\Users\aluca\.m2\repository\org\springframework\cloud\spring-cloud-context\4.0.4\spring-cloud-context-4.0.4.jar;C:\Users\aluca\.m2\repository\org\springframework\cloud\spring-cloud-commons\4.0.4\spring-cloud-commons-4.0.4.jar;C:\Users\aluca\.m2\repository\org\springframework\cloud\spring-cloud-config-client\4.0.4\spring-cloud-config-client-4.0.4.jar;C:\Users\aluca\.m2\repository\org\springframework\spring-web\6.0.11\spring-web-6.0.11.jar;C:\Users\aluca\.m2\repository\com\fasterxml\jackson\core\jackson-annotations\2.15.2\jackson-annotations-2.15.2.jar;C:\Users\aluca\.m2\repository\com\fasterxml\jackson\core\jackson-databind\2.15.2\jackson-databind-2.15.2.jar;C:\Users\aluca\.m2\repository\com\fasterxml\jackson\core\jackson-core\2.15.2\jackson-core-2.15.2.jar;C:\Users\aluca\.m2\repository\org\springframework\cloud\spring-cloud-config-server\4.0.4\spring-cloud-config-server-4.0.4.jar;C:\Users\aluca\.m2\repository\io\micrometer\micrometer-observation\1.11.3\micrometer-observation-1.11.3.jar;C:\Users\aluca\.m2\repository\io\micrometer\micrometer-commons\1.11.3\micrometer-commons-1.11.3.jar;C:\Users\aluca\.m2\repository\org\springframework\boot\spring-boot-starter-web\3.1.3\spring-boot-starter-web-3.1.3.jar;C:\Users\aluca\.m2\repository\org\springframework\boot\spring-boot-starter-json\3.1.3\spring-boot-starter-json-3.1.3.jar;C:\Users\aluca\.m2\repository\com\fasterxml\jackson\datatype\jackson-datatype-jdk8\2.15.2\jackson-datatype-jdk8-2.15.2.jar;C:\Users\aluca\.m2\repository\com\fasterxml\jackson\module\jackson-module-parameter-names\2.15.2\jackson-module-parameter-names-2.15.2.jar;C:\Users\aluca\.m2\repository\org\springframework\boot\spring-boot-starter-tomcat\3.1.3\spring-boot-starter-tomcat-3.1.3.jar;C:\Users\aluca\.m2\repository\org\apache\tomcat\embed\tomcat-embed-core\10.1.12\tomcat-embed-core-10.1.12.jar;C:\Users\aluca\.m2\repository\org\apache\tomcat\embed\tomcat-embed-websocket\10.1.12\tomcat-embed-websocket-10.1.12.jar;C:\Users\aluca\.m2\repository\org\springframework\spring-webmvc\6.0.11\spring-webmvc-6.0.11.jar;C:\Users\aluca\.m2\repository\org\springframework\spring-expression\6.0.11\spring-expression-6.0.11.jar;C:\Users\aluca\.m2\repository\org\springframework\security\spring-security-crypto\6.1.3\spring-security-crypto-6.1.3.jar;C:\Users\aluca\.m2\repository\org\springframework\security\spring-security-rsa\1.0.12.RELEASE\spring-security-rsa-1.0.12.RELEASE.jar;C:\Users\aluca\.m2\repository\org\bouncycastle\bcpkix-jdk18on\1.73\bcpkix-jdk18on-1.73.jar;C:\Users\aluca\.m2\repository\org\bouncycastle\bcprov-jdk18on\1.73\bcprov-jdk18on-1.73.jar;C:\Users\aluca\.m2\repository\org\bouncycastle\bcutil-jdk18on\1.73\bcutil-jdk18on-1.73.jar;C:\Users\aluca\.m2\repository\org\apache\httpcomponents\client5\httpclient5\5.2.1\httpclient5-5.2.1.jar;C:\Users\aluca\.m2\repository\org\apache\httpcomponents\core5\httpcore5\5.2.2\httpcore5-5.2.2.jar;C:\Users\aluca\.m2\repository\org\apache\httpcomponents\core5\httpcore5-h2\5.2.2\httpcore5-h2-5.2.2.jar;C:\Users\aluca\.m2\repository\org\slf4j\slf4j-api\2.0.7\slf4j-api-2.0.7.jar;C:\Users\aluca\.m2\repository\org\eclipse\jgit\org.eclipse.jgit\6.4.0.202211300538-r\org.eclipse.jgit-6.4.0.202211300538-r.jar;C:\Users\aluca\.m2\repository\com\googlecode\javaewah\JavaEWAH\1.1.13\JavaEWAH-1.1.13.jar;C:\Users\aluca\.m2\repository\org\eclipse\jgit\org.eclipse.jgit.http.apache\6.4.0.202211300538-r\org.eclipse.jgit.http.apache-6.4.0.202211300538-r.jar;C:\Users\aluca\.m2\repository\org\apache\httpcomponents\httpclient\4.5.13\httpclient-4.5.13.jar;C:\Users\aluca\.m2\repository\commons-logging\commons-logging\1.2\commons-logging-1.2.jar;C:\Users\aluca\.m2\repository\commons-codec\commons-codec\1.15\commons-codec-1.15.jar;C:\Users\aluca\.m2\repository\org\apache\httpcomponents\httpcore\4.4.16\httpcore-4.4.16.jar;C:\Users\aluca\.m2\repository\org\eclipse\jgit\org.eclipse.jgit.ssh.apache\6.4.0.202211300538-r\org.eclipse.jgit.ssh.apache-6.4.0.202211300538-r.jar;C:\Users\aluca\.m2\repository\org\apache\sshd\sshd-osgi\2.9.2\sshd-osgi-2.9.2.jar;C:\Users\aluca\.m2\repository\org\slf4j\jcl-over-slf4j\2.0.7\jcl-over-slf4j-2.0.7.jar;C:\Users\aluca\.m2\repository\org\apache\sshd\sshd-sftp\2.9.2\sshd-sftp-2.9.2.jar;C:\Users\aluca\.m2\repository\org\apache\sshd\sshd-core\2.9.2\sshd-core-2.9.2.jar;C:\Users\aluca\.m2\repository\org\apache\sshd\sshd-common\2.9.2\sshd-common-2.9.2.jar;C:\Users\aluca\.m2\repository\net\i2p\crypto\eddsa\0.3.0\eddsa-0.3.0.jar;C:\Users\aluca\.m2\repository\org\yaml\snakeyaml\1.33\snakeyaml-1.33.jar;C:\Users\aluca\.m2\repository\com\fasterxml\jackson\dataformat\jackson-dataformat-yaml\2.15.2\jackson-dataformat-yaml-2.15.2.jar;C:\Users\aluca\.m2\repository\org\springframework\boot\spring-boot-devtools\3.1.3\spring-boot-devtools-3.1.3.jar;C:\Users\aluca\.m2\repository\org\springframework\boot\spring-boot\3.1.3\spring-boot-3.1.3.jar;C:\Users\aluca\.m2\repository\org\springframework\spring-context\6.0.11\spring-context-6.0.11.jar;C:\Users\aluca\.m2\repository\org\springframework\boot\spring-boot-autoconfigure\3.1.3\spring-boot-autoconfigure-3.1.3.jar;C:\Users\aluca\.m2\repository\org\glassfish\jaxb\jaxb-runtime\4.0.3\jaxb-runtime-4.0.3.jar;C:\Users\aluca\.m2\repository\org\glassfish\jaxb\jaxb-core\4.0.3\jaxb-core-4.0.3.jar;C:\Users\aluca\.m2\repository\jakarta\activation\jakarta.activation-api\2.1.2\jakarta.activation-api-2.1.2.jar;C:\Users\aluca\.m2\repository\org\eclipse\angus\angus-activation\2.0.1\angus-activation-2.0.1.jar;C:\Users\aluca\.m2\repository\org\glassfish\jaxb\txw2\4.0.3\txw2-4.0.3.jar;C:\Users\aluca\.m2\repository\com\sun\istack\istack-commons-runtime\4.1.2\istack-commons-runtime-4.1.2.jar;C:\Users\aluca\.m2\repository\org\springframework\boot\spring-boot-starter-test\3.1.3\spring-boot-starter-test-3.1.3.jar;C:\Users\aluca\.m2\repository\org\springframework\boot\spring-boot-test\3.1.3\spring-boot-test-3.1.3.jar;C:\Users\aluca\.m2\repository\org\springframework\boot\spring-boot-test-autoconfigure\3.1.3\spring-boot-test-autoconfigure-3.1.3.jar;C:\Users\aluca\.m2\repository\com\jayway\jsonpath\json-path\2.8.0\json-path-2.8.0.jar;C:\Users\aluca\.m2\repository\jakarta\xml\bind\jakarta.xml.bind-api\4.0.0\jakarta.xml.bind-api-4.0.0.jar;C:\Users\aluca\.m2\repository\net\minidev\json-smart\2.4.11\json-smart-2.4.11.jar;C:\Users\aluca\.m2\repository\net\minidev\accessors-smart\2.4.11\accessors-smart-2.4.11.jar;C:\Users\aluca\.m2\repository\org\ow2\asm\asm\9.3\asm-9.3.jar;C:\Users\aluca\.m2\repository\org\assertj\assertj-core\3.24.2\assertj-core-3.24.2.jar;C:\Users\aluca\.m2\repository\net\bytebuddy\byte-buddy\1.14.6\byte-buddy-1.14.6.jar;C:\Users\aluca\.m2\repository\org\hamcrest\hamcrest\2.2\hamcrest-2.2.jar;C:\Users\aluca\.m2\repository\org\junit\jupiter\junit-jupiter\5.9.3\junit-jupiter-5.9.3.jar;C:\Users\aluca\.m2\repository\org\junit\jupiter\junit-jupiter-api\5.9.3\junit-jupiter-api-5.9.3.jar;C:\Users\aluca\.m2\repository\org\opentest4j\opentest4j\1.2.0\opentest4j-1.2.0.jar;C:\Users\aluca\.m2\repository\org\junit\platform\junit-platform-commons\1.9.3\junit-platform-commons-1.9.3.jar;C:\Users\aluca\.m2\repository\org\apiguardian\apiguardian-api\1.1.2\apiguardian-api-1.1.2.jar;C:\Users\aluca\.m2\repository\org\junit\jupiter\junit-jupiter-params\5.9.3\junit-jupiter-params-5.9.3.jar;C:\Users\aluca\.m2\repository\org\junit\jupiter\junit-jupiter-engine\5.9.3\junit-jupiter-engine-5.9.3.jar;C:\Users\aluca\.m2\repository\org\junit\platform\junit-platform-engine\1.9.3\junit-platform-engine-1.9.3.jar;C:\Users\aluca\.m2\repository\org\mockito\mockito-core\5.3.1\mockito-core-5.3.1.jar;C:\Users\aluca\.m2\repository\net\bytebuddy\byte-buddy-agent\1.14.6\byte-buddy-agent-1.14.6.jar;C:\Users\aluca\.m2\repository\org\objenesis\objenesis\3.3\objenesis-3.3.jar;C:\Users\aluca\.m2\repository\org\mockito\mockito-junit-jupiter\5.3.1\mockito-junit-jupiter-5.3.1.jar;C:\Users\aluca\.m2\repository\org\skyscreamer\jsonassert\1.5.1\jsonassert-1.5.1.jar;C:\Users\aluca\.m2\repository\com\vaadin\external\google\android-json\0.0.20131108.vaadin1\android-json-0.0.20131108.vaadin1.jar;C:\Users\aluca\.m2\repository\org\springframework\spring-core\6.0.11\spring-core-6.0.11.jar;C:\Users\aluca\.m2\repository\org\springframework\spring-jcl\6.0.11\spring-jcl-6.0.11.jar;C:\Users\aluca\.m2\repository\org\springframework\spring-test\6.0.11\spring-test-6.0.11.jar;C:\Users\aluca\.m2\repository\org\xmlunit\xmlunit-core\2.9.1\xmlunit-core-2.9.1.jar;C:\Users\aluca\.m2\repository\org\springframework\cloud\spring-cloud-starter-bootstrap\4.0.4\spring-cloud-starter-bootstrap-4.0.4.jar;C:\Users\aluca\.m2\repository\org\springframework\boot\spring-boot-starter-aop\3.1.3\spring-boot-starter-aop-3.1.3.jar;C:\Users\aluca\.m2\repository\org\springframework\spring-aop\6.0.11\spring-aop-6.0.11.jar;C:\Users\aluca\.m2\repository\org\springframework\spring-beans\6.0.11\spring-beans-6.0.11.jar;C:\Users\aluca\.m2\repository\org\aspectj\aspectjweaver\1.9.20\aspectjweaver-1.9.20.jar;C:\Users\aluca\.m2\repository\org\springframework\boot\spring-boot-starter\3.1.3\spring-boot-starter-3.1.3.jar;C:\Users\aluca\.m2\repository\org\springframework\boot\spring-boot-starter-logging\3.1.3\spring-boot-starter-logging-3.1.3.jar;C:\Users\aluca\.m2\repository\ch\qos\logback\logback-classic\1.4.11\logback-classic-1.4.11.jar;C:\Users\aluca\.m2\repository\ch\qos\logback\logback-core\1.4.11\logback-core-1.4.11.jar;C:\Users\aluca\.m2\repository\org\apache\logging\log4j\log4j-to-slf4j\2.20.0\log4j-to-slf4j-2.20.0.jar;C:\Users\aluca\.m2\repository\org\apache\logging\log4j\log4j-api\2.20.0\log4j-api-2.20.0.jar;C:\Users\aluca\.m2\repository\org\slf4j\jul-to-slf4j\2.0.7\jul-to-slf4j-2.0.7.jar;C:\Users\aluca\.m2\repository\jakarta\annotation\jakarta.annotation-api\2.1.1\jakarta.annotation-api-2.1.1.jar;C:\Users\aluca\.m2\repository\org\springframework\boot\spring-boot-starter-validation\3.1.3\spring-boot-starter-validation-3.1.3.jar;C:\Users\aluca\.m2\repository\org\apache\tomcat\embed\tomcat-embed-el\10.1.12\tomcat-embed-el-10.1.12.jar;C:\Users\aluca\.m2\repository\org\hibernate\validator\hibernate-validator\8.0.1.Final\hibernate-validator-8.0.1.Final.jar;C:\Users\aluca\.m2\repository\jakarta\validation\jakarta.validation-api\3.0.2\jakarta.validation-api-3.0.2.jar;C:\Users\aluca\.m2\repository\org\jboss\logging\jboss-logging\3.5.3.Final\jboss-logging-3.5.3.Final.jar;C:\Users\aluca\.m2\repository\com\fasterxml\classmate\1.5.1\classmate-1.5.1.jar;C:\Users\aluca\.m2\repository\org\springframework\boot\spring-boot-starter-actuator\3.1.3\spring-boot-starter-actuator-3.1.3.jar;C:\Users\aluca\.m2\repository\org\springframework\boot\spring-boot-actuator-autoconfigure\3.1.3\spring-boot-actuator-autoconfigure-3.1.3.jar;C:\Users\aluca\.m2\repository\org\springframework\boot\spring-boot-actuator\3.1.3\spring-boot-actuator-3.1.3.jar;C:\Users\aluca\.m2\repository\com\fasterxml\jackson\datatype\jackson-datatype-jsr310\2.15.2\jackson-datatype-jsr310-2.15.2.jar;C:\Users\aluca\.m2\repository\io\micrometer\micrometer-core\1.11.3\micrometer-core-1.11.3.jar;C:\Users\aluca\.m2\repository\org\hdrhistogram\HdrHistogram\2.1.12\HdrHistogram-2.1.12.jar;C:\Users\aluca\.m2\repository\org\latencyutils\LatencyUtils\2.0.3\LatencyUtils-2.0.3.jar;"/>
    <property name="sun.cpu.endian" value="little"/>
    <property name="user.home" value="C:\Users\aluca"/>
    <property name="user.language" value="es"/>
    <property name="java.specification.vendor" value="Oracle Corporation"/>
    <property name="java.version.date" value="2023-07-18"/>
    <property name="java.home" value="C:\Program Files\Java\openlogic-openjdk-17.0.8+7-windows-x64"/>
    <property name="file.separator" value="\"/>
    <property name="basedir" value="D:\huawei\backend\configserver\configserver"/>
    <property name="java.vm.compressedOopsMode" value="32-bit"/>
    <property name="line.separator" value="&#10;"/>
    <property name="java.vm.specification.vendor" value="Oracle Corporation"/>
    <property name="java.specification.name" value="Java Platform API Specification"/>
    <property name="FILE_LOG_CHARSET" value="windows-1252"/>
    <property name="java.awt.headless" value="true"/>
    <property name="surefire.real.class.path" value="C:\Users\aluca\AppData\Local\Temp\surefire15809800679948977302\surefirebooter-20240310224153760_3.jar"/>
    <property name="user.script" value=""/>
    <property name="sun.management.compiler" value="HotSpot 64-Bit Tiered Compilers"/>
    <property name="java.runtime.version" value="17.0.8+7-adhoc..jdk17u"/>
    <property name="user.name" value="aluca"/>
    <property name="path.separator" value=";"/>
    <property name="os.version" value="10.0"/>
    <property name="java.runtime.name" value="OpenJDK Runtime Environment"/>
    <property name="file.encoding" value="Cp1252"/>
    <property name="java.vm.name" value="OpenJDK 64-Bit Server VM"/>
    <property name="java.vendor.version" value="OpenLogic-OpenJDK"/>
    <property name="localRepository" value="C:\Users\aluca\.m2\repository"/>
    <property name="java.vendor.url.bug" value="https://techsupport.roguewave.com/"/>
    <property name="java.io.tmpdir" value="C:\Users\aluca\AppData\Local\Temp\"/>
    <property name="java.version" value="17.0.8"/>
    <property name="user.dir" value="D:\huawei\backend\configserver\configserver"/>
    <property name="os.arch" value="amd64"/>
    <property name="java.vm.specification.name" value="Java Virtual Machine Specification"/>
    <property name="PID" value="8288"/>
    <property name="sun.os.patch.level" value=""/>
    <property name="CONSOLE_LOG_CHARSET" value="windows-1252"/>
    <property name="native.encoding" value="Cp1252"/>
    <property name="java.library.path" value="C:\Program Files\Java\openlogic-openjdk-17.0.8+7-windows-x64\bin;C:\WINDOWS\Sun\Java\bin;C:\WINDOWS\system32;C:\WINDOWS;C:\Users\aluca\bin;C:\Program Files\Git\mingw64\bin;C:\Program Files\Git\usr\local\bin;C:\Program Files\Git\usr\bin;C:\Program Files\Git\usr\bin;C:\Program Files\Git\mingw64\bin;C:\Program Files\Git\usr\bin;C:\Users\aluca\bin;C:\Program Files\Microsoft SDKs\Azure\CLI2\wbin;C:\Program Files (x86)\Common Files\Oracle\Java\javapath;C:\Program Files\Notepad++;C:\WINDOWS\system32;C:\WINDOWS;C:\WINDOWS\System32\Wbem;C:\WINDOWS\System32\WindowsPowerShell\v1.0;C:\WINDOWS\System32\OpenSSH;C:\Program Files\Android\Android Studio\bin;D:\maven\apache-maven-3.9.5\bin;C:\Program Files (x86)\Google\Cloud SDK\google-cloud-sdk\bin;C:\Program Files (x86)\Rational\common;C:\Program Files\Oberthur Technologies\AuthentIC Webpack\Dlls;C:\Program Files (x86)\Oberthur Technologies\AuthentIC Webpack\Dlls;C:\Program Files\dotnet;C:\Program Files\Microsoft SQL Server\130\Tools\Binn;C:\Program Files\Microsoft SQL Server\Client SDK\ODBC\170\Tools\Binn;C:\Program Files\Perforce;C:\Program Files\Git\cmd;C:\Users\aluca\AppData\Roaming\nvm;C:\Program Files\nodejs;C:\Program Files\Docker\Docker\resources\bin;C:\Program Files\Java\openlogic-openjdk-17.0.8+7-windows-x64\bin;C:\Program Files\Java\openlogic-openjdk-17.0.8+7-windows-x64;C:\Users\aluca\terraform\terraform.exe;C:\Users\aluca\AppData\Local\Microsoft\WindowsApps;C:\Program Files\Notepad++;C:\Users\aluca\AppData\Local\Programs\Microsoft VS Code\bin;C:\Users\aluca\AppData\Roaming\npm;C:\Users\aluca\AppData\Roaming\nvm;C:\Program Files\nodejs;C:\Program Files\Git\usr\bin\vendor_perl;C:\Program Files\Git\usr\bin\core_perl;."/>
    <property name="java.vm.info" value="mixed mode, sharing"/>
    <property name="java.vendor" value="OpenLogic"/>
    <property name="java.vm.version" value="17.0.8+7-adhoc..jdk17u"/>
    <property name="sun.io.unicode.encoding" value="UnicodeLittle"/>
    <property name="java.class.version" value="61.0"/>
  </properties>
  <testcase name="contextLoads" classname="hackathon.nttdata.coderpath.configserver.ConfigserverApplicationTests" time="1.286">
    <system-out><![CDATA[22:41:57.576 [main] INFO org.springframework.test.context.support.AnnotationConfigContextLoaderUtils -- Could not detect default configuration classes for test class [hackathon.nttdata.coderpath.configserver.ConfigserverApplicationTests]: ConfigserverApplicationTests does not declare any static, non-private, non-final, nested classes annotated with @Configuration.
22:41:58.535 [main] INFO org.springframework.boot.test.context.SpringBootTestContextBootstrapper -- Found @SpringBootConfiguration hackathon.nttdata.coderpath.configserver.ConfigserverApplication for test class hackathon.nttdata.coderpath.configserver.ConfigserverApplicationTests

                   
 ,oc.            ..............                 ..       .. .';cccc:::;,,,'''..
  ;xo'            ..'....   ....                 ..       ....:x00kdolcc::;,,,'.
  ;xo,.                      ....                ..         ...;d0KOdolcc::;,,'.
 .;xo'.          .............'..  ..           ...           ..,lx0kolcc::;,,'.
 .;oc.        .;lccccclol:;;;;:,...................            ...';:;:cc::;;;'.
 .,;.         .''',,,,,,''''',;;;::ccc:,''.......'.              .....;cc::;;;' 
 .,;.         ..  ..''..........';clll:'.....  ..''.               . .':cc::;;' 
 .,:'.        ..  ....      .....,codl:'.....    ':;..             .';:clcc:;;' 
...,............            .....;okOkl,....... .':,'..           ..cxdollc:::' 
......................,,,'.'''',;lOXXKxc;;,''''',;'....           ..lkxolllc::' 
................':llc:;;;::::codkOXNWX0kxxdol:;;;::;::,............':ll::::;;;. 
.......''''''',:lxkOkxddoddxkO0KKXNWWXK00000Okxdddxxxxo'                        
......,llccc:clodxkOO00000KKKKKKKXXNNXKOOOO0KKK0000Okko,.....                   
.......'.......,cldxO0KKKXXXKK0OKXXXXXKOkxxO0KKKKK0kdollcccl;...............    
........       .,:ldkO0KKXKKK0kxOO0000kxxdodk00KK0Oo;'''...........'cddllcc,    
........        .,:oxkO00000Okdl;;:cc;,;;:::cclllllc;;;;'.        ..':clllc,    
........   ..   .';:lodxkkkOOOkc'..'.             .:dxddc'        ....;cccc,    
........ 'c;..   .',;:clodxk000kl,.'.             .ckkxdl,.    .. ...':lccc,    
........ ;OOl'.. ..''',;:coxkOOkdc;,.             .ckxol;.    .......,ccccc,    
     ... ;0KOxol,......',;;;;:c:;'.'.             .cxoc;'.   ........:lcccc,    
     ....;OXOkkx:. ..................             .:oc;,'.   ..... .'cllccc,    
      ...,OXOkkxc.   ................             .;c;,'.   ....    .:llccc,    
      ...'xK0Okx:.     ..............             .,;,''.   .;l:.   .:llccc,    
      .'.,dkdolc'.    ...  ..',,;;;,.             .',''.   .cdOx.   'clllll,    
      ':,;xx;''..     ..     ..',,;,.             .'''.. ':lxk0x.  .,clllll,    
      'c:o0k;..                 .....             .',.. .:ddxkKd. ..,loolll,    
      'ccdX0:.     .,,.            ..             ....  .:dxkOKd....,loooll,    
      'ccoK0:.     .';'.           ..              ..   .:dxxO0o...':oooool,    
......;lllkOl;,,,,,,;cl;,,,,,''''',,'..............,'...':olldOx:;;ldxxxdddc....             
                   
@@@@@@@@@@@@@@@@@@@@@@@@@@@@@@@@@@@@@@@@@@@@@@@@@@@@@@@@@@@@@@@@@@@@@@@@@@@@@@@@@@@@@@@@@@@@@@@@@@@@
@@@@@@@@@@@@@@@@@@@@@@@@@@@@@@@@@@@@@@@@@@@@@@@@@@@@@@@@@@@@@@@@@@@@@@@@@@@@@@@@@@@@@@@@@@@@@@@@@@@@
@@@@@@@@@@@@@@@@@@@@@@@@@@@@@@@@@@@@@@@@@@@@@@@@@@@@@@@@@@@@@@@@@@@@@@@@@@@@@@@@@@@@@@@@@@@@@@@@@@@@
@@@@@@@@@@@@@@@@@@@@@@@@@@@@@@@@@@@@@@@@@@@@@@@@@@@@@@@@@@@@@@@@@@@@@@@@@@@@@@@@@@@@@@@@@@@@@@@@@@@@
@@@@@@@@@@@@@@@@BGB@@&GG#@&BPGB#@@@@@@@&GGG#@@@@&#BBB&@BBBGGB@@@@@@@@&GGGGGB&@@@&#BBB@@GGGGGB&@@@@@@
@@@@57???&GY?7G@Y  ^5B::#Y:^YY~~@@@@@@@&!  P@@@5JJ?JJ?GJ .Y: ?@&PJ7?&@7 .5? :P@YJ?JJJ7#?  YJ :5@@@@@
@@@G  ^!Y@B~ :&@&.^~ . !#  J@P?!P5:?P:!@5 .&@@Y?Y 7 ?7GG  ?. J@&P  ?@&! .P&: !?Y7.! Y!G?  5@^ ^@@@@@
@@@#5?  .BB~ .P@P 7@G! !@Y:.7! !&G ^Y :#? .YY~Y?Y?Y!Y#@?  P?  5&P  !B&~ .5?.~B5JJ?Y!5&@7 .YJ.^P@@@@@
@@@#YJ?YB@BGGGB@#GG@@@##@@&BGG#@@Y.J#GB&BBBBGB@&BBB#@@@BGG#@GPB&BGGG#&BBBGB#@@@#BBB#@@&BBBBB#@@@@@@@
@@@@@@@@@@@@@@@@@@@@@@@@@@@@@@@@@&&@@@@@@@@@@@@@@@@@@@@@@@@@@@@@@@@@@@@@@@@@@@@@@@@@@@@@@@@@@@@@@@@@
@@@@@@@@@@@@@@@@@@@@@@@@@@@@@@@@@@@@@@@@@@@@@@@@@@@@@@@@@@@@@@@@@@@@@@@@@@@@@@@@@@@@@@@@@@@@@@@@@@@@
@@@@@@@@@@@@@@@@@@@@@@@@@@@@@@@@@@@@@@@@@@@@@@@@@@@@@@@@@@@@@@@@@@@@@@@@@@@@@@@@@@@@@@@@@@@@@@@@@@@@
@@@@@@@@@@@@@@@@@@@@@@@@@@@@@@@@@@@@@@@@@@@@@@@@@@@@@@@@@@@@@@@@@@@@@@@@@@@@@@@@@@@@@@@@@@@@@@@@@@@@
@@@@@@@@@@@@@@@@@@@@@@@@@@@@@@@@@@@@@@@@@@@@@@@@@@@@@@@@@@@@@@@@@@@@@@@@@@@@@@@@@@@@@@@@@@@@@@@@@@@@
                 


                   

HUAWEI DEVELOPER COMPETITION LATAM 2023 EQUIPO 51NGµL@R1Ð@Ð

 .  . .  .  . .  .  . .  .  . .  .  . .  .  . .  .  . .  .  . .  .  . .  .  . .  .  . .  .  . .  . 
   .       .       .       .       .       .       .       .       .       .       .       .        
     .  .    .  .    .  .    .  .    .  .    .  .    .  .    .  .    .  .    .  .    .  .    .  . . 
 .       .       .       .       .       .       .    .  . .     .       .       .       .          
   .  .    .  .    .  .    .  .    .  .    .  .    . . ..;:....    .  .    .  .    .  .    .  . .  .
  .    .  .    .  .    .  .    .  .    .  .    .  .  .. %%:88 .  .   .  .   .   .   .   .   .       
    .       .       .       .       .   . .;;;;;;;;;::::%8t%@ .    .      .   .   .   .   .    . .  
  .   . .    .  .    .  .    .  .    . . :@St%t%ttt%t%;8tX8.8 . .   .. .        .       .    .     .
    .     .    .  .    .  .    .  . .. ;t;S@X8888@XXS%S%t8S88;:.  . 8S. .. . .     . .     .    .   
  .    .   .       .     .  .    . ..:;Xt%t8;;;t%SSX88@8 X@888%%;:. % X%S%     .       .     .    . 
     .   .   .  .   .. .. .   . .:St;tS88X88%%%t%%;t%8%8 8 8t888%tt%@      . .   . .     . .   .    
  .    .      .   . . ..   ..  . t8XX@8@t .t%%%%. 888888@88S8;8X;t;%t  X 8 .         . .     .   .  
    .     . .   .  ... %Xt... .:t;8SX%t;%: : :888:8  .8888888:X@SX;@;S%@XX .  . .  .     .         .
  .   .             . .:88;... S@SX@tt;%S%;%t;;;8:8;8%X8888t8@@8%X .88%t%;..      .   .    .  . .   
    .   . .  . .  .  ..  8@t:. t@%@t%8t. Xt;tXS;;%%S%% 8S888@%@tt;:8 8@tt%%..  .    .   .    .    . 
  .         .      . ...  S8t.. :t%88@X%t;:t;;XXSSSSSSX@88:88S8;XS%%%88@tt%t:..  .        .     .   
     . .  .    . .:X@%t;. . . ... S:;ttt%%%%t:.tS@888@ 8@88@:8S%%;:;8t;%St888@ .   .  .  .  .     . 
  .          .  ..@8Xt;tt:.. SS::;@@%S%tSX%t%%t8St%%S%%8X@888X@;8@88 %;t8 8@8S@: .   .        . .   
    .  . . .   ..8S8X%%X%..% XXS.;;;XSSttX8888t8%;;;;t% ;88S@88:@888%t8;%8 8.S88 .  .  .  .  .     .
  .          . .8tS8X%t%..@.%SX88:88.. ..:S8X:.;%::.:;%S.@8XX@@X @@@8tt:%%8X@X.8. .      .      .   
    . .  .  .. X :88@@%t.8S@88%X8.@8:    .      .:.tS%;..%88 888 8888888% @ 8XtS;    .     .  .   . 
  .       .  ..% S%%8S%.;88@88X8S88; . .   .  . . ..8%X.;X8;%8S8888@@8888@S%St;%%.     .    .   .   
     . .    . X ;:S888%%:8t88%%S8@ .. .          ...@t%; t8StXX88X88888@88;88::tS:.  .   .         .
  .      . .. 8  %XX8@S;S8 %;S8 8S8..   . . .  . .8S;.;; S8  ;:.@8@@X8@8@@88.;:tXt .   .   .  .  .  
    .  .  . . X.;%X88@XS S8%XXS 8S..   .      . .%@XS;::.S%@%.S@SS.8;8888@888%;:SS.      .   .      
  .     . . ..t %8XX%8%XX@X@%8t;:   .    .  .    :%@88X;.S 888.;t.ttS888888XXSX%%X. .  .       . .  
    . .  SSX%.: ::t %88XSt; X%.:;;:            .  :SX88 t@ X@%8 @ :8t888S8X8X8@;tS.  .    . .      .
  .    ...8:.8; tXt%  ::%%SS@8@SSXt..    . . .    .:X@8tt88X88t88;X@X@8XS@8@88888S..    .     .  .  
     .   ..;;:;X@tSSX@@XSSXSS:S%SS%:  .   .     . . t@X S8.S8@X@@@888X88t@ @X@:8@8X...    .    .    
  .        .St8XX@XSX%S8XtX8X XS%;:.        . . .. :8@@tX S%8@8XX@88@.8@.8@ S88X8@Xt .. .   .     . 
    .  .  . 8:8%XXStX:%88%:%S .:.   .  .  .  . .;%@ %X %%t@8SSt8@@88:SX8tXt::@t8t88S% .      .  .   
  .      .  .%t8@XS.X888tX%8 :.. .    .    ..%8XX@8:8XSX8S8X 8888@888@8; 888@88 X. @X..  . .      . 
    . .   .. S:X8%:X8XX:SXSS8 .. .  .  . ..:8%SSX;:. S88%8 XS888X8888888: @XX@X%8 :tS8...     . .   
  .     .  .. 8:@8@88@S8:@XX8@ .. .    .  %8X%%%t @ X:888tS@X@XX@888@@X@@.%@@@@XS8%@ ;S: .. .      .
     .    .  ..@X@@@@88;S: X8@ : .  . ...XXSt%:;8%t8X: S8@SX@XXX88%8@@88.t X88888@8S%X%:S:..   .    
  .    . . ..:t88t88S8@X% 88@S:;.  ..:%..%X8@X@888X8%8%t8%SSXXX88X.%8@@@8.:X88888888X:.:;8t .    .  
    .     . ..88%8;@.8XS 88%X8: ;tt%:;X88St  8888; S.t88@SSXXX@8@X%;%88888X88888888888StS8S  .  .  .
  .   .  .  .   ..SS::X8S.@%8@@@;tt@X88@888888S8888@8@S8. S %X8XXXXXSX8@@8@888888888888t.  .  .     
    .     .   .. ...8SX8Xttt@X;@ t%Stt;%%8X888@88tXt@8: 8%8888@.S@S88XX8@XXSXX@@SSXX88% .   .    .  
  .    .   .    .  .;888X@X%@8SSttSt;;;%@8888S.888888%8S.X@@X8t.S%X88%;tt@8%t%X@@8888S.  .     .   .
     .   .    .    ...XS%@88@88S%@Xtttt%8X SS%.t. t@888 %: S888;.S@@t;;%888;.   . ...      .     .  
  .    .   .     . ... .SXt:8S88X@8S%tS88@S8 .:S%X S%S@@8 t%S8 .%@Xt%%S8@;%8:.   .   .   .   . .    
    .    .  .  .    :. tt.:S8X8@@888XX@888888S@XS8888SS%8:S88S@%88XX888X8: :: .    .  .     .     . 
  .   .             . %S@%: %88@t%SSS88XX88@%888888. 8@SS. @@S;X8@8888%.t.  .   .        .     .    
    .   .  . .  . . .. X8;.:.%X@S;  ;;S@8@888%X@8@88  8XX:@tX8:tt8X..... .    .   .  . .   . .   .  
  .       .   .     .     .@% ;X;:88%@.ttX@Xt;t8X888888@S%S; 8tSt: ..     .  .                 .   .
     . .    .   .    .     . ...8888 8S@@%%SSSS@8888%;%8@8t@X:X :.    .        . . . .  . .  .      
  .      .    .   .  .        .:.%8  8S  ..   .   :S@88%8888t88S...     .  .                    . . 
    .  .   .    .  .   .  . .  . ....@;   .. .     ..;t%888888 :8... .   .   .  .  .  . .  . .      
  .      .   .       .       . .    ...   .   .     . . ..:;%SS@t.    .    .   .     .         .  . 
    . .       . . .   . .  .        .       .       .      .   .   .    .    .   .      . .  .      




INTEGRANTES


ALLISON JARA SALAS (UX -FRONTEND)
CARLO DELGADO MARALLANO (fullstack)
JOFFRE HERMOSILLA SALAS (DEVOPS)



CONFIG SERVER 
                  
2024-03-10T22:42:06.916-05:00  INFO 8288 --- [           main] h.n.c.c.ConfigserverApplicationTests     : No active profile set, falling back to 1 default profile: "default"
2024-03-10T22:42:09.170-05:00  INFO 8288 --- [           main] o.s.cloud.context.scope.GenericScope     : BeanFactory id=66e23529-558d-322a-869a-d491afe70d1c
2024-03-10T22:42:14.099-05:00  INFO 8288 --- [           main] o.s.cloud.commons.util.InetUtils         : Cannot determine local hostname
2024-03-10T22:42:14.218-05:00  INFO 8288 --- [           main] o.s.b.a.e.web.EndpointLinksResolver      : Exposing 1 endpoint(s) beneath base path '/actuator'
2024-03-10T22:42:14.299-05:00  INFO 8288 --- [           main] h.n.c.c.ConfigserverApplicationTests     : Started ConfigserverApplicationTests in 14.947 seconds (process running for 20.139)
]]></system-out>
  </testcase>
</testsuite>